Generated at 2017-04-19 10:48:14 +0530
Net::HTTPServerException: 412 "Precondition Failed"
C:/opscode/chefdk/embedded/lib/ruby/2.3.0/net/http/response.rb:120:in `error!'
C:/opscode/chefdk/embedded/lib/ruby/gems/2.3.0/gems/chef-12.19.36-universal-mingw32/lib/chef/http.rb:150:in `request'
C:/opscode/chefdk/embedded/lib/ruby/gems/2.3.0/gems/chef-12.19.36-universal-mingw32/lib/chef/http.rb:131:in `post'
C:/opscode/chefdk/embedded/lib/ruby/gems/2.3.0/gems/chef-12.19.36-universal-mingw32/lib/chef/policy_builder/expand_node_object.rb:204:in `sync_cookbooks'
C:/opscode/chefdk/embedded/lib/ruby/gems/2.3.0/gems/chef-12.19.36-universal-mingw32/lib/chef/policy_builder/expand_node_object.rb:83:in `setup_run_context'
C:/opscode/chefdk/embedded/lib/ruby/gems/2.3.0/gems/chef-12.19.36-universal-mingw32/lib/chef/client.rb:511:in `setup_run_context'
C:/opscode/chefdk/embedded/lib/ruby/gems/2.3.0/gems/chef-12.19.36-universal-mingw32/lib/chef/client.rb:281:in `run'
C:/opscode/chefdk/embedded/lib/ruby/gems/2.3.0/gems/chef-12.19.36-universal-mingw32/lib/chef/application.rb:277:in `run_with_graceful_exit_option'
C:/opscode/chefdk/embedded/lib/ruby/gems/2.3.0/gems/chef-12.19.36-universal-mingw32/lib/chef/application.rb:253:in `block in run_chef_client'
C:/opscode/chefdk/embedded/lib/ruby/gems/2.3.0/gems/chef-12.19.36-universal-mingw32/lib/chef/local_mode.rb:44:in `with_server_connectivity'
C:/opscode/chefdk/embedded/lib/ruby/gems/2.3.0/gems/chef-12.19.36-universal-mingw32/lib/chef/application.rb:236:in `run_chef_client'
C:/opscode/chefdk/embedded/lib/ruby/gems/2.3.0/gems/chef-12.19.36-universal-mingw32/lib/chef/application/client.rb:464:in `sleep_then_run_chef_client'
C:/opscode/chefdk/embedded/lib/ruby/gems/2.3.0/gems/chef-12.19.36-universal-mingw32/lib/chef/application/client.rb:451:in `block in interval_run_chef_client'
C:/opscode/chefdk/embedded/lib/ruby/gems/2.3.0/gems/chef-12.19.36-universal-mingw32/lib/chef/application/client.rb:450:in `loop'
C:/opscode/chefdk/embedded/lib/ruby/gems/2.3.0/gems/chef-12.19.36-universal-mingw32/lib/chef/application/client.rb:450:in `interval_run_chef_client'
C:/opscode/chefdk/embedded/lib/ruby/gems/2.3.0/gems/chef-12.19.36-universal-mingw32/lib/chef/application/client.rb:434:in `run_application'
C:/opscode/chefdk/embedded/lib/ruby/gems/2.3.0/gems/chef-12.19.36-universal-mingw32/lib/chef/application.rb:59:in `run'
C:/opscode/chefdk/embedded/lib/ruby/gems/2.3.0/gems/chef-12.19.36-universal-mingw32/bin/chef-client:26:in `<top (required)>'
C:/opscode/chefdk/bin/chef-client:69:in `load'
C:/opscode/chefdk/bin/chef-client:69:in `<main>'